This is pdfTeX, Version 3.14159265-2.6-1.40.17 (MiKTeX 2.9.6100 64-bit) (preloaded format=pdflatex 2016.11.21)  24 NOV 2016 20:17
entering extended mode
**./120-121.tex
(120-121.tex
LaTeX2e <2016/03/31> patch level 3
Babel <3.9r> and hyphenation patterns for 75 language(s) loaded.
("D:\Programms\MiKTeX 2.9\tex\latex\base\report.cls"
Document Class: report 2014/09/29 v1.4h Standard LaTeX document class
("D:\Programms\MiKTeX 2.9\tex\latex\base\size10.clo"
File: size10.clo 2014/09/29 v1.4h Standard LaTeX file (size option)
)
\c@part=\count79
\c@chapter=\count80
\c@section=\count81
\c@subsection=\count82
\c@subsubsection=\count83
\c@paragraph=\count84
\c@subparagraph=\count85
\c@figure=\count86
\c@table=\count87
\abovecaptionskip=\skip41
\belowcaptionskip=\skip42
\bibindent=\dimen102
)
("D:\Programms\MiKTeX 2.9\tex\latex\base\inputenc.sty"
Package: inputenc 2015/03/17 v1.2c Input encoding file
\inpenc@prehook=\toks14
\inpenc@posthook=\toks15

("D:\Programms\MiKTeX 2.9\tex\latex\cyrillic\cp1251.def"
File: cp1251.def 2014/10/28 v1.0d Input encoding file
))
("D:\Programms\MiKTeX 2.9\tex\generic\babel\babel.sty"
Package: babel 2016/04/23 3.9r The Babel package

*************************************
* Local config file bblopts.cfg used
*
("D:\Programms\MiKTeX 2.9\tex\latex\arabi\bblopts.cfg"
File: bblopts.cfg 2005/09/08 v0.1 add Arabic and Farsi to "declared" options of
 babel
)
("D:\Programms\MiKTeX 2.9\tex\latex\babel-russian\russianb.ldf"
Language: russianb 2016/02/18 1.3h Russian support for the Babel system

("D:\Programms\MiKTeX 2.9\tex\generic\babel\babel.def"
File: babel.def 2016/04/23 3.9r Babel common definitions
\babel@savecnt=\count88
\U@D=\dimen103
)

Package babel Warning: No Cyrillic font encoding has been loaded so far.
(babel)                A font encoding should be declared before babel.
(babel)                Default `T2A' encoding will be loaded  on input line 69.


("D:\Programms\MiKTeX 2.9\tex\latex\cyrillic\t2aenc.def"
File: t2aenc.def 2005/09/27 v1.0i Cyrillic encoding definition file
)
Package babel Info: Making " an active character on input line 111.
))
("D:\Programms\MiKTeX 2.9\tex\latex\amsmath\amsmath.sty"
Package: amsmath 2016/06/28 v2.15d AMS math features
\@mathmargin=\skip43

For additional information on amsmath, use the `?' option.
("D:\Programms\MiKTeX 2.9\tex\latex\amsmath\amstext.sty"
Package: amstext 2000/06/29 v2.01 AMS text

("D:\Programms\MiKTeX 2.9\tex\latex\amsmath\amsgen.sty"
File: amsgen.sty 1999/11/30 v2.0 generic functions
\@emptytoks=\toks16
\ex@=\dimen104
))
("D:\Programms\MiKTeX 2.9\tex\latex\amsmath\amsbsy.sty"
Package: amsbsy 1999/11/29 v1.2d Bold Symbols
\pmbraise@=\dimen105
)
("D:\Programms\MiKTeX 2.9\tex\latex\amsmath\amsopn.sty"
Package: amsopn 2016/03/08 v2.02 operator names
)
\inf@bad=\count89
LaTeX Info: Redefining \frac on input line 199.
\uproot@=\count90
\leftroot@=\count91
LaTeX Info: Redefining \overline on input line 297.
\classnum@=\count92
\DOTSCASE@=\count93
LaTeX Info: Redefining \ldots on input line 394.
LaTeX Info: Redefining \dots on input line 397.
LaTeX Info: Redefining \cdots on input line 518.
\Mathstrutbox@=\box26
\strutbox@=\box27
\big@size=\dimen106
LaTeX Font Info:    Redeclaring font encoding OML on input line 634.
LaTeX Font Info:    Redeclaring font encoding OMS on input line 635.
\macc@depth=\count94
\c@MaxMatrixCols=\count95
\dotsspace@=\muskip10
\c@parentequation=\count96
\dspbrk@lvl=\count97
\tag@help=\toks17
\row@=\count98
\column@=\count99
\maxfields@=\count100
\andhelp@=\toks18
\eqnshift@=\dimen107
\alignsep@=\dimen108
\tagshift@=\dimen109
\tagwidth@=\dimen110
\totwidth@=\dimen111
\lineht@=\dimen112
\@envbody=\toks19
\multlinegap=\skip44
\multlinetaggap=\skip45
\mathdisplay@stack=\toks20
LaTeX Info: Redefining \[ on input line 2739.
LaTeX Info: Redefining \] on input line 2740.
)
("D:\Programms\MiKTeX 2.9\tex\latex\amsfonts\amssymb.sty"
Package: amssymb 2013/01/14 v3.01 AMS font symbols

("D:\Programms\MiKTeX 2.9\tex\latex\amsfonts\amsfonts.sty"
Package: amsfonts 2013/01/14 v3.01 Basic AMSFonts support
\symAMSa=\mathgroup4
\symAMSb=\mathgroup5
LaTeX Font Info:    Overwriting math alphabet `\mathfrak' in version `bold'
(Font)                  U/euf/m/n --> U/euf/b/n on input line 106.
))
("D:\Programms\MiKTeX 2.9\tex\latex\base\latexsym.sty"
Package: latexsym 1998/08/17 v2.2e Standard LaTeX package (lasy symbols)
\symlasy=\mathgroup6
LaTeX Font Info:    Overwriting symbol font `lasy' in version `bold'
(Font)                  U/lasy/m/n --> U/lasy/b/n on input line 52.
)
("D:\Programms\MiKTeX 2.9\tex\latex\fancyhdr\fancyhdr.sty"
Package: fancyhdr 2016/09/06 3.8 Extensive control of page headers and footers
\fancy@headwidth=\skip46
\f@ncyO@elh=\skip47
\f@ncyO@erh=\skip48
\f@ncyO@olh=\skip49
\f@ncyO@orh=\skip50
\f@ncyO@elf=\skip51
\f@ncyO@erf=\skip52
\f@ncyO@olf=\skip53
\f@ncyO@orf=\skip54
) (120-121.aux
LaTeX Font Info:    Try loading font information for T2A+cmr on input line 3.

("D:\Programms\MiKTeX 2.9\tex\latex\cyrillic\t2acmr.fd"
File: t2acmr.fd 2001/08/11 v1.0a Computer Modern Cyrillic font definitions
))
\openout1 = `120-121.aux'.

LaTeX Font Info:    Checking defaults for OML/cmm/m/it on input line 6.
LaTeX Font Info:    ... okay on input line 6.
LaTeX Font Info:    Checking defaults for T1/cmr/m/n on input line 6.
LaTeX Font Info:    ... okay on input line 6.
LaTeX Font Info:    Checking defaults for OT1/cmr/m/n on input line 6.
LaTeX Font Info:    ... okay on input line 6.
LaTeX Font Info:    Checking defaults for OMS/cmsy/m/n on input line 6.
LaTeX Font Info:    ... okay on input line 6.
LaTeX Font Info:    Checking defaults for OMX/cmex/m/n on input line 6.
LaTeX Font Info:    ... okay on input line 6.
LaTeX Font Info:    Checking defaults for U/cmr/m/n on input line 6.
LaTeX Font Info:    ... okay on input line 6.
LaTeX Font Info:    Checking defaults for T2A/cmr/m/n on input line 6.
LaTeX Font Info:    ... okay on input line 6.


Package Fancyhdr Warning: \fancyhead's `E' option without twoside option is use
less on input line 15.


Package Fancyhdr Warning: \fancyhead's `E' option without twoside option is use
less on input line 16.

LaTeX Font Info:    Try loading font information for U+msa on input line 19.
("D:\Programms\MiKTeX 2.9\tex\latex\amsfonts\umsa.fd"
File: umsa.fd 2013/01/14 v3.01 AMS symbols A
)
LaTeX Font Info:    Try loading font information for U+msb on input line 19.

("D:\Programms\MiKTeX 2.9\tex\latex\amsfonts\umsb.fd"
File: umsb.fd 2013/01/14 v3.01 AMS symbols B
)
LaTeX Font Info:    Try loading font information for U+lasy on input line 19.

("D:\Programms\MiKTeX 2.9\tex\latex\base\ulasy.fd"
File: ulasy.fd 1998/08/17 v2.2e LaTeX symbol font definitions
)
LaTeX Font Info:    Try loading font information for T2A+cmtt on input line 29.


("D:\Programms\MiKTeX 2.9\tex\latex\cyrillic\t2acmtt.fd"
File: t2acmtt.fd 2001/08/11 v1.0a Computer Modern Cyrillic font definitions
)

LaTeX Warning: Command \cyrr invalid in math mode on input line 45.

Missing character: There is no р in font cmr10!

Package Fancyhdr Warning: \headheight is too small (12.0pt): 
 Make it at least 12.51453pt.
 We now make it that large for the rest of the document.
 This may cause the page layout to be inconsistent, however.

[120{C:/Users/sad1k/AppData/Local/MiKTeX/2.9/pdftex/config/pdftex.map}

]

Package Fancyhdr Warning: \fancyhead's `E' option without twoside option is use
less on input line 71.


Package Fancyhdr Warning: \fancyhead's `E' option without twoside option is use
less on input line 72.


Overfull \hbox (1.34967pt too wide) in paragraph at lines 98--102
[]\T2A/cmr/m/n/10 Расщепление от-но-си-тель-но ѕсво-бод-ныхї па-ра-мет-ров $\OM
L/cmm/m/it/10 z; z[];$ $z[]; z[]; z[]$ \T2A/cmr/m/n/10 при-
 []

[121] (120-121.aux) ) 
Here is how much of TeX's memory you used:
 2207 strings out of 493333
 25708 string characters out of 3140917
 87828 words of memory out of 3000000
 5736 multiletter control sequences out of 15000+200000
 9382 words of font info for 32 fonts, out of 3000000 for 9000
 1141 hyphenation exceptions out of 8191
 27i,10n,43p,284b,212s stack positions out of 5000i,500n,10000p,200000b,50000s
 <C:\Users\sad1k\AppData\Local\MiKTeX\2.9\fonts\pk\ljfour\
lh\lh-t2a\dpi600\labx1000.pk> <C:\Users\sad1k\AppData\Local\MiKTeX\2.9\fonts\pk
\ljfour\lh\lh-t2a\dpi600\latt1000.pk> <C:\Users\sad1k\AppData\Local\MiKTeX\2.9\
fonts\pk\ljfour\lh\lh-t2a\dpi600\lati1000.pk> <C:\Users\sad1k\AppData\Local\MiK
TeX\2.9\fonts\pk\ljfour\unknown\unknown\dpi600\larm1000.pk><D:/Programms/MiKTeX
 2.9/fonts/type1/public/amsfonts/cm/cmbx10.pfb><D:/Programms/MiKTeX 2.9/fonts/t
ype1/public/amsfonts/cm/cmex10.pfb><D:/Programms/MiKTeX 2.9/fonts/type1/public/
amsfonts/cm/cmmi10.pfb><D:/Programms/MiKTeX 2.9/fonts/type1/public/amsfonts/cm/
cmmi7.pfb><D:/Programms/MiKTeX 2.9/fonts/type1/public/amsfonts/cm/cmr10.pfb><D:
/Programms/MiKTeX 2.9/fonts/type1/public/amsfonts/cm/cmr5.pfb><D:/Programms/MiK
TeX 2.9/fonts/type1/public/amsfonts/cm/cmr7.pfb><D:/Programms/MiKTeX 2.9/fonts/
type1/public/amsfonts/cm/cmsy10.pfb><D:/Programms/MiKTeX 2.9/fonts/type1/public
/amsfonts/cm/cmsy7.pfb><D:/Programms/MiKTeX 2.9/fonts/type1/public/amsfonts/sym
bols/msam10.pfb>
Output written on 120-121.pdf (2 pages, 146256 bytes).
PDF statistics:
 205 PDF objects out of 1000 (max. 8388607)
 0 named destinations out of 1000 (max. 500000)
 1 words of extra memory for PDF output out of 10000 (max. 10000000)

